빌드 시작: 2015-02-13 오전 4:45:55
     1>2 노드의 "C:\Users\dgssm\Documents\카카오톡 받은 파일\MainServer(DB)\MainServer\MainServer\MainServer.vcxproj" 프로젝트(Build 대상)입니다.
     1>ClCompile:
         C:\Program Files\Microsoft Visual Studio 12.0\VC\bin\CL.exe /c /ZI /nologo /W3 /WX- /Od /Oy- /D WIN32 /D _DEBUG /D _CONSOLE /D _UNICODE /D UNICODE /Gm /EHsc /RTC1 /MDd /GS /fp:precise /Zc:wchar_t /Zc:forScope /Fo"Debug\\" /Fd"Debug\vc120.pdb" /Gd /TP /analyze- /errorReport:prompt ClientLobby.cpp
         ClientLobby.cpp
       Link:
         C:\Program Files\Microsoft Visual Studio 12.0\VC\bin\link.exe /ERRORREPORT:PROMPT /OUT:"C:\Users\dgssm\Documents\카카오톡 받은 파일\MainServer(DB)\MainServer\Debug\MainServer.exe" /INCREMENTAL /NOLOGO /LIBPATH:"C:\mysql-5.6.22-win32\lib" libmysql.lib kernel32.lib user32.lib gdi32.lib winspool.lib comdlg32.lib advapi32.lib shell32.lib ole32.lib oleaut32.lib uuid.lib odbc32.lib odbccp32.lib /MANIFEST /MANIFESTUAC:"level='asInvoker' uiAccess='false'" /manifest:embed /DEBUG /PDB:"C:\Users\dgssm\Documents\카카오톡 받은 파일\MainServer(DB)\MainServer\Debug\MainServer.pdb" /SUBSYSTEM:CONSOLE /TLBID:1 /DYNAMICBASE /NXCOMPAT /IMPLIB:"C:\Users\dgssm\Documents\카카오톡 받은 파일\MainServer(DB)\MainServer\Debug\MainServer.lib" /MACHINE:X86 Debug\ClientAdministrator.obj
         Debug\ClientBase.obj
         Debug\ClientLobby.obj
         Debug\ClientLogin.obj
         Debug\ClientPositionBase.obj
         Debug\ClientRoom.obj
         Debug\DataBase.obj
         Debug\GameLogic.obj
         Debug\GameLogicInterpret.obj
         Debug\GameServer.obj
         Debug\GameTable.obj
         Debug\IBase.obj
         Debug\IClientBase.obj
         Debug\IClientPosition.obj
         Debug\IGameServer.obj
         Debug\LobbyInterpret.obj
         Debug\LoginInterpret.obj
         Debug\main.obj
         Debug\MainServer.obj
         Debug\Random.obj
         Debug\MessageBox.obj
         Debug\RoomInterpret.obj
         Debug\ServerInterface.obj
         MainServer.vcxproj -> C:\Users\dgssm\Documents\카카오톡 받은 파일\MainServer(DB)\MainServer\Debug\MainServer.exe
     1>"C:\Users\dgssm\Documents\카카오톡 받은 파일\MainServer(DB)\MainServer\MainServer\MainServer.vcxproj" 프로젝트를 빌드했습니다(Build 대상).

빌드했습니다.

경과 시간: 00:00:01.31
